<?xml version="1.0" encoding="utf-8"?><testsuites><testsuite name="pytest" errors="0" failures="0" skipped="1" tests="4" time="0.108" timestamp="2023-11-13T23:22:35.408788" hostname="hwanguieongsMBP.attlocal.net"><testcase classname="test_lookup" name="test_skip" time="0.001"><skipped type="pytest.skip" message="no way of currently testing this">/Users/euiyoung.hwang/ES/Python_Workspace/python-assignment/tests/test_lookup.py:6: no way of currently testing this</skipped></testcase><testcase classname="test_lookup" name="test_mock_api" time="0.014" /><testcase classname="test_lookup" name="test_sample_string_sort" time="0.000" /><testcase classname="test_lookup" name="test_read_file_sort" time="0.001" /></testsuite></testsuites>